mode: atomic
github.com/mathieunls/gainful/bnode.go:13.41,15.17 1 2
github.com/mathieunls/gainful/bnode.go:42.2,42.14 1 0
github.com/mathieunls/gainful/bnode.go:15.17,18.25 2 2
github.com/mathieunls/gainful/bnode.go:24.3,26.23 2 2
github.com/mathieunls/gainful/bnode.go:31.3,33.24 2 2
github.com/mathieunls/gainful/bnode.go:39.3,39.13 1 2
github.com/mathieunls/gainful/bnode.go:18.25,20.4 1 0
github.com/mathieunls/gainful/bnode.go:20.4,22.4 1 2
github.com/mathieunls/gainful/bnode.go:26.23,28.4 1 0
github.com/mathieunls/gainful/bnode.go:28.4,30.4 1 2
github.com/mathieunls/gainful/bnode.go:33.24,35.4 1 0
github.com/mathieunls/gainful/bnode.go:35.4,37.4 1 2
github.com/mathieunls/gainful/bst.go:12.49,14.21 1 20
github.com/mathieunls/gainful/bst.go:14.21,19.3 1 4
github.com/mathieunls/gainful/bst.go:19.3,21.3 1 16
github.com/mathieunls/gainful/bst.go:24.73,26.12 1 2
github.com/mathieunls/gainful/bst.go:26.12,28.3 1 1
github.com/mathieunls/gainful/bst.go:28.3,29.34 1 1
github.com/mathieunls/gainful/bst.go:29.34,31.4 1 5
github.com/mathieunls/gainful/bst.go:35.56,38.2 1 4
github.com/mathieunls/gainful/bst.go:40.25,42.2 1 2
github.com/mathieunls/gainful/bst.go:44.53,48.2 1 4
github.com/mathieunls/gainful/bst.go:50.74,52.17 1 9
github.com/mathieunls/gainful/bst.go:69.2,69.41 1 1
github.com/mathieunls/gainful/bst.go:52.17,54.22 1 8
github.com/mathieunls/gainful/bst.go:54.22,57.4 1 1
github.com/mathieunls/gainful/bst.go:57.4,60.43 1 7
github.com/mathieunls/gainful/bst.go:60.43,62.4 1 2
github.com/mathieunls/gainful/bst.go:62.4,62.28 1 5
github.com/mathieunls/gainful/bst.go:62.28,64.4 1 3
github.com/mathieunls/gainful/bst.go:64.4,66.4 1 2
github.com/mathieunls/gainful/bst.go:72.71,74.17 1 11
github.com/mathieunls/gainful/bst.go:84.2,84.41 1 1
github.com/mathieunls/gainful/bst.go:74.17,75.22 1 10
github.com/mathieunls/gainful/bst.go:75.22,77.4 1 3
github.com/mathieunls/gainful/bst.go:77.4,77.28 1 7
github.com/mathieunls/gainful/bst.go:77.28,79.4 1 2
github.com/mathieunls/gainful/bst.go:79.4,81.4 1 5
github.com/mathieunls/gainful/bst.go:87.118,89.20 1 15
github.com/mathieunls/gainful/bst.go:102.2,102.12 1 8
github.com/mathieunls/gainful/bst.go:89.20,101.3 5 7
github.com/mathieunls/gainful/bst.go:105.67,107.20 1 24
github.com/mathieunls/gainful/bst.go:107.20,108.23 1 12
github.com/mathieunls/gainful/bst.go:108.23,114.4 1 8
github.com/mathieunls/gainful/bst.go:114.4,116.4 1 4
github.com/mathieunls/gainful/bst.go:117.3,118.24 1 12
github.com/mathieunls/gainful/bst.go:118.24,124.4 1 8
github.com/mathieunls/gainful/bst.go:124.4,126.4 1 4
github.com/mathieunls/gainful/bst.go:130.53,132.17 1 26
github.com/mathieunls/gainful/bst.go:132.17,134.31 2 12
github.com/mathieunls/gainful/bst.go:137.3,138.33 2 12
github.com/mathieunls/gainful/bst.go:134.31,136.4 1 64
